<?xml version="1.0" encoding="UTF-8"?>
<robot generator="Robot 5.0.1 (Python 3.10.2 on win32)" generated="20220915 13:37:52.640" rpa="false" schemaversion="3">
<suite id="s1" name="Connection" source="C:\Users\endof\Eficode\simple-fortune-cookie-metropolia\robot\tests\connection.robot">
<test id="s1-t1" name="Open Browser To Main Page" line="10">
<kw name="Open Browser To Login Page">
<kw name="New Browser" library="Browser">
<arg>headless=${FALSE}</arg>
<tag>BrowserControl</tag>
<tag>Setter</tag>
<doc>Create a new playwright Browser with specified options.</doc>
<msg timestamp="20220915 13:37:57.384" level="INFO">{"browser": "chromium", "headless": false, "handleSIGINT": true, "handleSIGTERM": true, "handleSIGHUP": true, "timeout": 30000.0, "devtools": false, "slowMo": 0.0, "tracesDir": "C:\\Users\\endof\\Eficode\\simple-fortune-cookie-metropolia\\browser\\traces\\7610f43d-1e12-4433-adc0-12eda311ac2f"}</msg>
<msg timestamp="20220915 13:37:59.546" level="INFO">Successfully created browser with options: {"browser":"chromium","headless":false,"handleSIGINT":true,"handleSIGTERM":true,"handleSIGHUP":true,"timeout":30000,"devtools":false,"slowMo":0,"tracesDir":"C:\\Users\\endof\\Eficode\\simple-fortune-cookie-metropolia\\browser\\traces\\7610f43d-1e12-4433-adc0-12eda311ac2f"}</msg>
<status status="PASS" starttime="20220915 13:37:57.382" endtime="20220915 13:37:59.546"/>
</kw>
<kw name="New Page" library="Browser">
<arg>${URL}</arg>
<tag>BrowserControl</tag>
<tag>Setter</tag>
<doc>Open a new Page.</doc>
<msg timestamp="20220915 13:38:00.862" level="INFO">Successfully initialized new page object and opened url: http://localhost:8080/</msg>
<msg timestamp="20220915 13:38:00.862" level="INFO">No context was open. New context was automatically opened when this page is created.</msg>
<status status="PASS" starttime="20220915 13:37:59.547" endtime="20220915 13:38:00.863"/>
</kw>
<status status="PASS" starttime="20220915 13:37:57.382" endtime="20220915 13:38:00.863"/>
</kw>
<status status="PASS" starttime="20220915 13:37:57.380" endtime="20220915 13:38:00.864"/>
</test>
<test id="s1-t2" name="All Fortunes Are Visible After Clicking Button" line="13">
<kw name="Sleep" library="BuiltIn">
<arg>1s</arg>
<doc>Pauses the test executed for the given time.</doc>
<msg timestamp="20220915 13:38:01.869" level="INFO">Slept 1 second</msg>
<status status="PASS" starttime="20220915 13:38:00.868" endtime="20220915 13:38:01.869"/>
</kw>
<kw name="Click To Get All Fortunes">
<kw name="Click" library="Browser">
<arg>css=button.btn:nth-child(2)</arg>
<tag>PageContent</tag>
<tag>Setter</tag>
<doc>Simulates mouse click on the element found by ``selector``.</doc>
<status status="PASS" starttime="20220915 13:38:01.871" endtime="20220915 13:38:01.980"/>
</kw>
<status status="PASS" starttime="20220915 13:38:01.870" endtime="20220915 13:38:01.980"/>
</kw>
<kw name="Sleep" library="BuiltIn">
<arg>1s</arg>
<doc>Pauses the test executed for the given time.</doc>
<msg timestamp="20220915 13:38:02.982" level="INFO">Slept 1 second</msg>
<status status="PASS" starttime="20220915 13:38:01.981" endtime="20220915 13:38:02.982"/>
</kw>
<kw name="See That Fortunes Were Loaded">
<kw name="Get Text" library="Browser">
<arg>id=output</arg>
<arg>contains</arg>
<arg>4:</arg>
<tag>Assertion</tag>
<tag>Getter</tag>
<tag>PageContent</tag>
<doc>Returns text attribute of the element found by ``selector``.</doc>
<status status="PASS" starttime="20220915 13:38:02.983" endtime="20220915 13:38:03.026"/>
</kw>
<status status="PASS" starttime="20220915 13:38:02.982" endtime="20220915 13:38:03.026"/>
</kw>
<status status="PASS" starttime="20220915 13:38:00.866" endtime="20220915 13:38:03.027"/>
</test>
<test id="s1-t3" name="User Can Add A Fortune" line="19">
<kw name="Add Fortune to Text Field">
<kw name="Fill Text" library="Browser">
<arg>id=message</arg>
<arg>${FORTUNE}</arg>
<tag>PageContent</tag>
<tag>Setter</tag>
<doc>Clears and fills the given ``txt`` into the text field found by ``selector``.</doc>
<msg timestamp="20220915 13:38:03.030" level="INFO">Fills the text 'Everything is either a bunny or not a bunny.' in the given field.</msg>
<status status="PASS" starttime="20220915 13:38:03.030" endtime="20220915 13:38:03.059"/>
</kw>
<status status="PASS" starttime="20220915 13:38:03.029" endtime="20220915 13:38:03.060"/>
</kw>
<kw name="Sleep" library="BuiltIn">
<arg>1s</arg>
<doc>Pauses the test executed for the given time.</doc>
<msg timestamp="20220915 13:38:04.061" level="INFO">Slept 1 second</msg>
<status status="PASS" starttime="20220915 13:38:03.060" endtime="20220915 13:38:04.061"/>
</kw>
<kw name="Submit Fortune">
<kw name="Click" library="Browser">
<arg>css=input.btn.btn-outline-secondary</arg>
<tag>PageContent</tag>
<tag>Setter</tag>
<doc>Simulates mouse click on the element found by ``selector``.</doc>
<status status="PASS" starttime="20220915 13:38:04.062" endtime="20220915 13:38:04.110"/>
</kw>
<status status="PASS" starttime="20220915 13:38:04.062" endtime="20220915 13:38:04.110"/>
</kw>
<kw name="Sleep" library="BuiltIn">
<arg>1s</arg>
<doc>Pauses the test executed for the given time.</doc>
<msg timestamp="20220915 13:38:05.113" level="INFO">Slept 1 second</msg>
<status status="PASS" starttime="20220915 13:38:04.111" endtime="20220915 13:38:05.113"/>
</kw>
<kw name="See That Cookie Was Added Successfully">
<kw name="Get Text" library="Browser">
<arg>id=output</arg>
<arg>contains</arg>
<arg>${SUCCESS}</arg>
<tag>Assertion</tag>
<tag>Getter</tag>
<tag>PageContent</tag>
<doc>Returns text attribute of the element found by ``selector``.</doc>
<status status="PASS" starttime="20220915 13:38:05.114" endtime="20220915 13:38:05.143"/>
</kw>
<status status="PASS" starttime="20220915 13:38:05.114" endtime="20220915 13:38:05.143"/>
</kw>
<kw name="Sleep" library="BuiltIn">
<arg>1s</arg>
<doc>Pauses the test executed for the given time.</doc>
<msg timestamp="20220915 13:38:06.146" level="INFO">Slept 1 second</msg>
<status status="PASS" starttime="20220915 13:38:05.144" endtime="20220915 13:38:06.146"/>
</kw>
<status status="PASS" starttime="20220915 13:38:03.028" endtime="20220915 13:38:06.147"/>
</test>
<test id="s1-t4" name="Random Cookie Changes" line="27">
<kw name="Click To Get Random">
<kw name="Click" library="Browser">
<arg>css=button.btn:nth-child(1)</arg>
<tag>PageContent</tag>
<tag>Setter</tag>
<doc>Simulates mouse click on the element found by ``selector``.</doc>
<status status="PASS" starttime="20220915 13:38:06.153" endtime="20220915 13:38:06.203"/>
</kw>
<status status="PASS" starttime="20220915 13:38:06.152" endtime="20220915 13:38:06.204"/>
</kw>
<kw name="Verify That Cookie Changes">
<kw name="No Operation" library="BuiltIn">
<doc>Does absolutely nothing.</doc>
<status status="PASS" starttime="20220915 13:38:06.205" endtime="20220915 13:38:06.205"/>
</kw>
<status status="PASS" starttime="20220915 13:38:06.204" endtime="20220915 13:38:06.205"/>
</kw>
<status status="PASS" starttime="20220915 13:38:06.150" endtime="20220915 13:38:06.206"/>
</test>
<status status="PASS" starttime="20220915 13:37:52.643" endtime="20220915 13:38:06.208"/>
</suite>
<statistics>
<total>
<stat pass="4" fail="0" skip="0">All Tests</stat>
</total>
<tag>
</tag>
<suite>
<stat pass="4" fail="0" skip="0" id="s1" name="Connection">Connection</stat>
</suite>
</statistics>
<errors>
</errors>
</robot>
